ip                      instruction
0x00007ff31c44e241   jz 0x3d3a0
0x00007ff31c44e245   push 0x1c44e305
0x00007ff31c44e2a8   push 0x1c44e305
0x00007ff31c44e2ac   xor r8d, r8d
0x00007ff31c44e2b2   jz 0x30
0x00007ff31c44e7c7   jz 0x30
0x00007ff31c44e7ce   mov rax, qword ptr [rsp+0x8]
0x00007ff31c44e185   mov rbx, 0x7ff31c65ad98
0x00007ff31c44e188   mov rax, qword ptr [rsp+0x8]
0x00007ff31c44e18a   mov eax, ecx
0x00007ff31c44e18f   nop 
0x00007ff31c44e191   nop dword ptr [rax], eax
0x00007ff31c44e193   jz 0x30
0x00007ff31c44e19a   mov rbx, 0x7ff31c65ae58
0x00007ff31c44e19d   xor r8d, r8d
0x00007ff31c44e19f   xor r8d, r8d
0x00007ff31c44e1a6   push 0x1c44e305
0x00007ff31c44e1a9   mov dword ptr [rsp+0x4], 0x7ff3
0x00007ff31c44e1ab   nop dword ptr [rax], eax
0x00007ff31c44e1b0   jz 0x3d2b8
0x00007ff31c44e1b7   jz 0x20
0x00007ff31c44e1bc   mov rax, qword ptr [rsp+0x8]
0x00007ff31c44e1be   cmp byte ptr [rsp+0x15], 0x0
0x00007ff31c44e1c3   jz 0x3d2e8
0x00007ff31c44e1ca   jmp 0x3d318
0x00007ff31c44e1cf   cmp byte ptr [rsp+0x1e], 0x0
0x00007ff31c44e1ca   cmp byte ptr [rsp+0x1e], 0x0
0x00007ff31c44e1cf   mov rbx, 0x7ff31c65acd8
0x00007ff31c44e1d1   mov eax, dword ptr [rsp+0x18]
0x00007ff31c44e1d5   jz 0x30
0x00007ff31c44e1db   nop 
0x00007ff31c44e1e0   mov eax, ecx
0x00007ff31c44e1e2   mov qword ptr [r15+0x40], rsp
0x00007ff31c44e1e7   jmp 0x3d240
0x00007ff31c44e1ee   mov ecx, 0xc
0x00007ff31c44e1f3   cmp byte ptr [rsp+0x16], 0x0
0x00007ff31c44e1ee   cmp byte ptr [rsp+0x16], 0x0
0x00007ff31c44e1f3   mov rbx, 0x7ff31c65ad98
0x00007ff31c44e1f5   mov rax, qword ptr [rsp+0x8]
0x00007ff31c44e1fa   mov qword ptr [rbx], rax
0x00007ff31c44e201   cmp byte ptr [rsp+0x15], 0x0
0x00007ff31c44e206   mov rbx, 0x7ff31c65ae58
0x00007ff31c44e20c   mov rax, qword ptr [rsp]
0x00007ff31c44e210   mov qword ptr [rbx], rax
0x00007ff31c44e217   jz 0x20
0x00007ff31c44e2fe   xor r8d, r8d
0x00007ff31c44e300   jz 0x20
0x00007ff31c44f2e0   mov ecx, 0xc
0x00007ff31c44f2e5   mov eax, ecx
0x00007ff31c44f2e7   syscall 
ip                      instruction
0x00007ff31c4440c3   add r14, 0x1
0x00007ff31c4440c7   mov rsi, qword ptr [rdx-0x40]
0x00007ff31c4440cb   sub qword ptr [r15+0x60], rsi
0x00007ff31c4440ce   lea r13, ptr [rbx+r13*1+0xc]
0x00007ff31c4440d2   jbe 0x28
0x00007ff31c4440d4   jbe 0x28
0x00007ff31c4440d8   cmp dword ptr [r9+0x8], 0x2
0x00007ff31c4440db   jbe 0x33c10
0x00007ff31c444111   mov dword ptr [rsp+0x4], 0x7ff3
0x00007ff31c444117   jbe 0x33c10
0x00007ff31c44411b   and rbx, 0xfffffffffffffffc
0x00007ff31c44411d   mov qword ptr [r15+0x60], r13
0x00007ff31c444120   cmp qword ptr [rdx-0x38], r14
0x00007ff31c444122   cmp dword ptr [r9+0x8], 0x2
0x00007ff31c444129   jbe 0x28
0x00007ff31c44412e   add r13, 0x3
0x00007ff31c4440e0   mov r13d, dword ptr [r9+0x4]
0x00007ff31c4440e5   add rbx, 0x3
0x00007ff31c4440e9   add r13, 0x3
0x00007ff31c4440ed   and rbx, 0xfffffffffffffffc
0x00007ff31c4440f1   and r13, 0xfffffffffffffffc
0x00007ff31c4440f5   lea r13, ptr [rbx+r13*1+0xc]
0x00007ff31c4440fa   add r9, r13
0x00007ff31c4440fd   lea r13, ptr [r9+0xc]
0x00007ff31c444102   sub qword ptr [r15+0x60], rsi
0x00007ff31c444105   cmp rbp, qword ptr [r15+0x60]
0x00007ff31c444108   add r14, 0x1
0x00007ff31c44410b   jz 0x148
0x00007ff31c444111   cmp dword ptr [r9+0x8], 0x2
0x00007ff31c444117   jbe 0x28
0x00007ff31c44411b   cmp qword ptr [rdx-0x38], r14
0x00007ff31c44411d   jmp 0x33a98
0x00007ff31c444120   mov rsi, qword ptr [rdx-0x40]
0x00007ff31c444290   mov rsi, qword ptr [rdx-0x40]
0x00007ff31c444294   add r14, 0x1
0x00007ff31c444298   add rsi, 0x38
0x00007ff31c44429c   cmp qword ptr [rdx-0x38], r14
0x00007ff31c4442a0   syscall 
0x00007ff31c4442a6   mov r14, qword ptr [rdx-0x58]
0x00007ff31c4442aa   jz 0x148
0x00007ff31c4442ae   xor r8d, r8d
0x00007ff31c4442b5   push 0x1c4442bc
0x00007ff31c4442b7   mov eax, 0x15
0x00007ff31c4442a6   mov r14, qword ptr [rdx-0x58]
0x00007ff31c4442aa   mov rsi, qword ptr [rdx-0x60]
0x00007ff31c4442ae   push 0x1c4442bc
0x00007ff31c4442b5   xor r8d, r8d
0x00007ff31c4442b7   mov qword ptr [r15+0x40], rsp
0x00007ff31c4501b0   mov eax, 0x15
0x00007ff31c4501b5   syscall 
ip                      instruction
0x00007ff31c43d340   jnb 0x31ae
0x00007ff31c43d346   mov r14, rax
0x00007ff31c43d349   push r12
0x00007ff31c43d350   mov rsi, r13
0x00007ff31c43d35a   push r15
0x00007ff31c43d35e   mov r15, r9
0x00007ff31c43d362   mov r13, rsi
0x00007ff31c43d366   test rdi, rdi
0x00007ff31c43d36a   mov r12, rdi
0x00007ff31c43d36d   push r14
0x00007ff31c43d370   mov rbx, 0x7ff31c65acb8
0x00007ff31c43d374   mov r14d, ecx
0x00007ff31c43d37b   push rbx
0x00007ff31c43d37e   mov r8, rbp
0x00007ff31c44ec73   mov r12, qword ptr [rbx]
0x00007ff31c44ec7a   lea rbx, ptr [r12+rsi*1-0x1]
0x00007ff31c44ec7f   syscall 
0x00007ff31c44ec82   mov eax, 0x9
0x00007ff31c44ec85   mov rdi, r12
0x00007ff31c44ec88   push rbp
0x00007ff31c44ec8e   movsxd r10, r14d
0x00007ff31c44ec91   mov r8, rbp
0x00007ff31c44ec93   mov r9, r15
0x00007ff31c44ec96   movsxd rbx, edx
0x00007ff31c44ec9c   movsxd rbp, r8d
0x00007ff31c44eca1   jz 0x7ff31c4502c0
0x00007ff31c44eca6   push rbx
0x00007ff31c44eca9   mov r14d, ecx
0x00007ff31c450270   test rdi, rdi
0x00007ff31c450273   push r15
0x00007ff31c450275   mov r15, r9
0x00007ff31c450278   push r14
0x00007ff31c45027a   mov r14d, ecx
0x00007ff31c45027d   push r13
0x00007ff31c45027f   mov r13, rsi
0x00007ff31c450282   push r12
0x00007ff31c450284   mov r12, rdi
0x00007ff31c450287   push rbp
0x00007ff31c450288   push rbx
0x00007ff31c450289   jz 0x7ff31c4502c0
0x00007ff31c45028b   movsxd rbp, r8d
0x00007ff31c45028e   movsxd rbx, edx
0x00007ff31c450291   mov r9, r15
0x00007ff31c450294   mov r8, rbp
0x00007ff31c450297   movsxd r10, r14d
0x00007ff31c45029a   mov rdx, rbx
0x00007ff31c45029d   mov rsi, r13
0x00007ff31c4502a0   mov rdi, r12
0x00007ff31c4502a3   mov eax, 0x9
0x00007ff31c4502a8   syscall 
ip                      instruction
0x00007ff31c44eca9   mov ebp, ecx
0x00007ff31c450270   test r8, r8
0x00007ff31c450273   push r14
0x00007ff31c450275   mov r14, rdi
0x00007ff31c450278   push rbp
0x00007ff31c45027a   mov ebp, ecx
0x00007ff31c45027d   push qword ptr [r15+0x88]
0x00007ff31c45027f   mov r13, r9
0x00007ff31c450282   mov qword ptr [r15+0x88], r8
0x00007ff31c450284   mov rdx, rbx
0x00007ff31c450287   push rdx
0x00007ff31c450288   push rbx
0x00007ff31c450289   test dl, 0x4
0x00007ff31c45028b   movsxd rdx, esi
0x00007ff31c45028e   movsxd rbx, r12d
0x00007ff31c450291   syscall 
0x00007ff31c450294   movsxd r10, r10d
0x00007ff31c450297   mov eax, 0x9
0x00007ff31c45029a   xor edi, edi
0x00007ff31c45029d   or r10d, 0x40
0x00007ff31c4502a0   jz 0x7ff31c45028b
0x00007ff31c4502a3   mov r8, rbp
0x00007ff31c4502a8   push qword ptr [r15+0x90]
0x00007ff31c43d340   test byte ptr [rip+0x20aa86], 0x1
0x00007ff31c43d346   movsxd rbx, edx
0x00007ff31c43d349   mov qword ptr [r15+0x88], r8
0x00007ff31c43d350   or r10d, 0x40
0x00007ff31c43d35a   push r14
0x00007ff31c43d35e   mov r14, rdi
0x00007ff31c43d362   mov r13, r9
0x00007ff31c43d366   test r8, r8
0x00007ff31c43d36a   mov rdx, rbx
0x00007ff31c43d36d   push rbp
0x00007ff31c43d370   mov r10d, ecx
0x00007ff31c43d374   mov ebp, ecx
0x00007ff31c43d37b   push rbx
0x00007ff31c4502c0   test dl, 0x4
0x00007ff31c4502c3   jz 0x7ff31c45028b
0x00007ff31c4502c5   test byte ptr [rip+0x20aa86], 0x1
0x00007ff31c4502cc   movsxd rbp, r8d
0x00007ff31c4502cf   movsxd rbx, edx
0x00007ff31c4502d2   jz 0x7ff31c450291
0x00007ff31c4502d4   mov r10d, ecx
0x00007ff31c4502d7   mov r8, rbp
0x00007ff31c4502da   mov rdx, rbx
0x00007ff31c4502dd   or r10d, 0x40
0x00007ff31c4502e1   xor edi, edi
0x00007ff31c4502e3   mov eax, 0x9
0x00007ff31c4502e8   movsxd r10, r10d
0x00007ff31c4502eb   syscall 
ip                      instruction
0x00007ff31c4502e1   xor r8d, r8d
0x00007ff31c4502e3   mov eax, 0x9
0x00007ff31c4502e8   movsxd r10, r10d
0x00007ff31c4502eb   movsxd rbx, edx
0x00007ff31c44eca9   nop dword ptr [rax], eax
0x00007ff31c450270   test r8, r8
0x00007ff31c450273   push r14
0x00007ff31c450275   jz 0x30
0x00007ff31c450278   nop 
0x00007ff31c45027a   nop dword ptr [rax], eax
0x00007ff31c45027d   mov rdx, rbx
0x00007ff31c45027f   mov rdi, r12
0x00007ff31c450282   movsxd r10, r14d
0x00007ff31c450284   mov r12, rbx
0x00007ff31c450287   mov r9, r15
0x00007ff31c450288   syscall 
0x00007ff31c450289   test r12b, 0x4
0x00007ff31c45028b   jz 0x31750
0x00007ff31c45028e   mov rsi, r13
0x00007ff31c450291   movsxd rbx, edx
0x00007ff31c450294   movsxd r10, r10d
0x00007ff31c450297   mov eax, 0x9
0x00007ff31c45029a   xor r8d, r8d
0x00007ff31c45029d   or r10d, 0x40
0x00007ff31c4502a0   mov rbx, 0x7ff31c65ad52
0x00007ff31c4502a3   mov rsi, rdx
0x00007ff31c4502a8   mov eax, 0x9
0x00007ff31c43d340   test byte ptr [rbx], 0x1
0x00007ff31c43d346   movsxd rbx, r12d
0x00007ff31c43d349   movsxd r10, r14d
0x00007ff31c43d350   or r10d, 0x40
0x00007ff31c43d35a   push r14
0x00007ff31c43d35e   jz 0x30
0x00007ff31c43d362   mov rdi, r12
0x00007ff31c43d366   test r8, r8
0x00007ff31c43d36a   mov r12, rbx
0x00007ff31c43d36d   nop 
0x00007ff31c43d370   mov r10d, ecx
0x00007ff31c43d374   nop dword ptr [rax], eax
0x00007ff31c43d37b   syscall 
0x00007ff31c45028b   movsxd rbp, r8d
0x00007ff31c45028e   movsxd rbx, edx
0x00007ff31c450291   mov r9, r15
0x00007ff31c450294   mov r8, rbp
0x00007ff31c450297   movsxd r10, r14d
0x00007ff31c45029a   mov rdx, rbx
0x00007ff31c45029d   mov rsi, r13
0x00007ff31c4502a0   mov rdi, r12
0x00007ff31c4502a3   mov eax, 0x9
0x00007ff31c4502a8   syscall 
ip                      instruction
0x00007ff31c4383dc   xor esi, esi
0x00007ff31c4383e0   mov qword ptr [rsp], 0x1
0x00007ff31c4383e4   cld 
0x00007ff31c4383ea   mov qword ptr [r15+0xe0], rax
0x00007ff31c4383ec   mov qword ptr [r15+0xe0], rax
0x00007ff31c4383f0   call rdx
0x00007ff31c4383f7   mov r11, 0x7ff31b6928f0
0x00007ff31c4383fb   pop rdx
0x00007ff31c438402   pop rax
0x00007ff31c43840a   lea rsp, ptr [rsp-0x20]
0x00007ff31c43840c   mov rax, qword ptr [r15+0x38]
0x00007ff31c438418   pushfq 
0x00007ff31c43841f   cld 
0x00007ff31c43842a   test r13, r13
0x00007ff31c43842d   mov rdi, rax
0x00007ff31c438433   mov rax, qword ptr [r15+0x38]
0x00007ff31c448090   lea rsp, ptr [rsp-0x20]
0x00007ff31c448097   mov qword ptr [rsp+0x10], r15
0x00007ff31c448099   pop rdx
0x00007ff31c4480a0   cmp qword ptr [rax], 0x0
0x00007ff31c438438   nop 
0x00007ff31c43843f   cmp qword ptr [rax], 0x0
0x00007ff31c438446   xor esi, esi
0x00007ff31c438449   mov r11, 0x7ff31b6928f0
0x00007ff31c43844b   call rdx
0x00007ff31c43844f   test r13, r13
0x00007ff31c438456   mov rdi, rax
0x00007ff31c438459   pop rax
0x00007ff31c43845b   mov qword ptr [rsp+0x8], rax
0x00007ff31c43845f   pop rdx
0x00007ff31c438467   mov qword ptr [rsp+0x10], r15
0x00007ff31c43845f   mov qword ptr [rsp+0x10], r15
0x00007ff31c438467   mov rsp, qword ptr [r15+0x18a8]
0x00007ff31c445e90   mov r13, 0x7ff3092b6830
0x00007ff31c43846c   nop 
0x00007ff31c43846d   mov r12d, dword ptr [rdi]
0x00007ff31c438473   test r12d, r12d
0x00007ff31c438475   jmp 0x8
0x00007ff31c43847b   mov rax, qword ptr [rdi-0xb8]
0x00007ff31c438482   cmp qword ptr [rax], 0x0
0x00007ff31c438486   mov rsi, 0x7ff31c65abc8
0x00007ff31c43848c   mov r13, qword ptr [rsi]
0x00007ff31c438493   xor esi, esi
0x00007ff31c438496   test r13, r13
0x00007ff31c438499   mov rdx, 0x7ff31c457340
0x00007ff31c43849f   push 0x1c4384b0
0x00007ff31c4384a6   mov ecx, 0x4
0x00007ff31c4384ab   mov qword ptr [r15+0x40], rsp
0x00007ff31c4501b0   mov eax, 0x15
0x00007ff31c4501b5   syscall 
ip                      instruction
0x00007ff31c43dc22   push rsi
0x00007ff31c43dc23   mov r9d, 0x80000
0x00007ff31c43dc25   push r10
0x00007ff31c43dc27   mov dword ptr [rsp+0x4], 0x7ff3
0x00007ff31c43dc2f   mov r14, qword ptr [r15+0x90]
0x00007ff31c43dc37   test byte ptr [r11], 0x1
0x00007ff31c43dc3c   push qword ptr [r15+0x90]
0x00007ff31c43dc3f   mov rsi, qword ptr [r11]
0x00007ff31c43dc42   push qword ptr [r15+0x98]
0x00007ff31c43df6f   mov eax, 0x2
0x00007ff31c43df76   push qword ptr [r15+0x90]
0x00007ff31c43df7f   push rsi
0x00007ff31c43df85   mov r11, 0x7ff31c65aca0
0x00007ff31c43df8c   push qword ptr [r15+0x98]
0x00007ff31c43df8f   test rsi, rsi
0x00007ff31c43df91   push rbx
0x00007ff31c43df94   mov rdi, rsp
0x00007ff31c44d0b0   push rdi
0x00007ff31c44d0b1   mov rdi, rsp
0x00007ff31c44d0b4   push r10
0x00007ff31c44d0b6   push qword ptr [r15+0x90]
0x00007ff31c44d0b8   mov r9d, 0x80000
0x00007ff31c44d0ba   push rsi
0x00007ff31c44d0bc   push rbx
0x00007ff31c44d0bd   mov rbx, rbp
0x00007ff31c44d0c0   sub rsp, 0x48
0x00007ff31c44d0c4   test byte ptr [r11], 0x1
0x00007ff31c44d0cb   mov r11, 0x7ff31c65c0b0
0x00007ff31c44d0d1   mov rsi, qword ptr [r11]
0x00007ff31c44d0d8   test rsi, rsi
0x00007ff31c44d0db   push rbx
0x00007ff31c44d0e1   jmp 0x2c5c0
0x00007ff31c44d0e5   mov r11, 0xffffffffffffffff
0x00007ff31c44d320   mov r11, 0xffffffffffffffff
0x00007ff31c44d327   mov r9d, 0x80000
0x00007ff31c44d32e   mov edi, edx
0x00007ff31c44d333   push rbx
0x00007ff31c446520   syscall 
0x00007ff31c446522   push rsi
0x00007ff31c446524   xor eax, eax
0x00007ff31c446526   push rdi
0x00007ff31c446527   push rbx
0x00007ff31c446528   mov rsi, r9
0x00007ff31c44652b   mov r9d, 0x80000
0x00007ff31c446530   mov edi, edx
0x00007ff31c446533   mov r11, 0xffffffffffffffff
0x00007ff31c44653a   sub rsp, 0x98
0x00007ff31c446541   mov qword ptr [r15+0x40], rsp
0x00007ff31c450150   mov eax, 0x2
0x00007ff31c450155   syscall 
ip                      instruction
0x00007ff31c44d0bc   mov qword ptr [r15+0x40], rsp
0x00007ff31c44d0bd   mov rsp, qword ptr [r15+0x18a8]
0x00007ff31c44d0c0   mov eax, 0x5
0x00007ff31c44d0c4   mov rax, qword ptr [r15+0x60]
0x00007ff31c44d0cb   lahf 
0x00007ff31c44d0d1   mov qword ptr [r15+0x60], rax
0x00007ff31c44d0d8   mov qword ptr [r15+0x80], r13
0x00007ff31c44d0db   mov ebx, eax
0x00007ff31c44d0e1   mov r9d, eax
0x00007ff31c44d0e5   mov qword ptr [r15+0x70], r14
0x00007ff31c44d320   mov qword ptr [r15+0x70], r14
0x00007ff31c44d327   mov rdx, rsp
0x00007ff31c44d32e   push 0x1c44655b
0x00007ff31c44d333   mov ebx, eax
0x00007ff31c446520   js 0x2c3d8
0x00007ff31c446522   cmp edi, 0x1
0x00007ff31c446524   syscall 
0x00007ff31c446526   jmp 0x2c408
0x00007ff31c446527   mov ebx, eax
0x00007ff31c446528   mov ebp, 0x1
0x00007ff31c44652b   mov rdx, rsp
0x00007ff31c446530   push 0x1c44655b
0x00007ff31c446533   mov qword ptr [r15+0x70], r14
0x00007ff31c44653a   cmp r13, r14
0x00007ff31c446541   mov r13, 0x7ff31c446546
0x00007ff31c450150   movsxd rdi, eax
0x00007ff31c450155   js 0x2c3d8
0x00007ff31c43dc22   mov eax, esi
0x00007ff31c43dc23   mov rdx, rsp
0x00007ff31c43dc25   push r10
0x00007ff31c43dc27   mov dword ptr [rsp+0x4], 0x7ff3
0x00007ff31c43dc2f   mov r14, qword ptr [r15+0x90]
0x00007ff31c43dc37   mov rax, qword ptr [r15+0x60]
0x00007ff31c450157   mov r13, 0x7ff31c446546
0x00007ff31c45015d   js 0x2c3d8
0x00007ff31c45015f   mov dword ptr [rsp+0x4], 0x7ff3
0x00007ff31c446546   test eax, eax
0x00007ff31c446548   push 0x1c44655b
0x00007ff31c44654a   mov rdx, rsp
0x00007ff31c44654d   mov r9d, eax
0x00007ff31c44654f   mov ebp, 0x1
0x00007ff31c446554   mov ebx, eax
0x00007ff31c446556   cmp r13, r14
0x00007ff31c4500d0   cmp edi, 0x1
0x00007ff31c4500d3   mov eax, esi
0x00007ff31c4500d5   jnbe 0x7ff31c450100
0x00007ff31c4500d7   movsxd rdi, eax
0x00007ff31c4500da   mov rsi, rdx
0x00007ff31c4500dd   mov eax, 0x5
0x00007ff31c4500e2   syscall 
ip                      instruction
0x00007ff31c44653a   seto al
0x00007ff31c446541   test rdi, rdi
0x00007ff31c450150   mov r8, rbp
0x00007ff31c450155   cmp r14, r13
0x00007ff31c43dc22   mov r9, r15
0x00007ff31c43dc23   jz 0x7ff31c4502c0
0x00007ff31c43dc25   push r15
0x00007ff31c43dc27   mov r13, rsi
0x00007ff31c43dc2f   mov r14, qword ptr [r15+0x90]
0x00007ff31c43dc37   mov word ptr [r15+0xd8], ax
0x00007ff31c4500e4   js 0x2c168
0x00007ff31c4500ea   movsxd r10, r14d
0x00007ff31c4500ec   mov r13, rsi
0x00007ff31c44655b   test eax, eax
0x00007ff31c44655d   mov r13, rsi
0x00007ff31c44655f   mov r9, qword ptr [rsp+0x30]
0x00007ff31c446564   syscall 
0x00007ff31c446567   mov eax, 0x9
0x00007ff31c44656b   mov r8, rbp
0x00007ff31c44656d   mov rdx, rbx
0x00007ff31c446574   movsxd r10, r14d
0x00007ff31c446576   mov r14, 0x7ff31c44655b
0x00007ff31c446590   jz 0x7ff31c4502c0
0x00007ff31c446593   push rbx
0x00007ff31c446596   push rbp
0x00007ff31c44659b   mov r12, rdi
0x00007ff31c44659e   push r12
0x00007ff31c4465a0   mov r14d, ecx
0x00007ff31c450270   test rdi, rdi
0x00007ff31c450273   push r15
0x00007ff31c450275   mov r15, r9
0x00007ff31c450278   push r14
0x00007ff31c45027a   mov r14d, ecx
0x00007ff31c45027d   push r13
0x00007ff31c45027f   mov r13, rsi
0x00007ff31c450282   push r12
0x00007ff31c450284   mov r12, rdi
0x00007ff31c450287   push rbp
0x00007ff31c450288   push rbx
0x00007ff31c450289   jz 0x7ff31c4502c0
0x00007ff31c45028b   movsxd rbp, r8d
0x00007ff31c45028e   movsxd rbx, edx
0x00007ff31c450291   mov r9, r15
0x00007ff31c450294   mov r8, rbp
0x00007ff31c450297   movsxd r10, r14d
0x00007ff31c45029a   mov rdx, rbx
0x00007ff31c45029d   mov rsi, r13
0x00007ff31c4502a0   mov rdi, r12
0x00007ff31c4502a3   mov eax, 0x9
0x00007ff31c4502a8   syscall 
ip                      instruction
0x00007ff31c446596   push r11
0x00007ff31c44659b   mov rsi, r13
0x00007ff31c44659e   push rsi
0x00007ff31c4465a0   mov r14d, ecx
0x00007ff31c450270   test r13, r13
0x00007ff31c450273   push r10
0x00007ff31c450275   mov r10, rbp
0x00007ff31c450278   jz 0x7ff31c45028b
0x00007ff31c45027a   mov r14d, ecx
0x00007ff31c45027d   push rdi
0x00007ff31c45027f   mov rdi, r9
0x00007ff31c450282   push rsi
0x00007ff31c450284   mov rsi, r13
0x00007ff31c450287   push r11
0x00007ff31c450288   push rbx
0x00007ff31c450289   test dl, 0x4
0x00007ff31c45028b   movsxd r11, r8d
0x00007ff31c45028e   movsxd rbx, edx
0x00007ff31c450291   syscall 
0x00007ff31c450294   movsxd r10, r10d
0x00007ff31c450297   mov eax, 0x9
0x00007ff31c45029a   xor edi, edi
0x00007ff31c45029d   or r10d, 0x40
0x00007ff31c4502a0   mov rdx, rbx
0x00007ff31c4502a3   mov r8, rbp
0x00007ff31c4502a8   push qword ptr [r15+0x98]
0x00007ff31c44653a   jmp 0x8
0x00007ff31c446541   test r13, r13
0x00007ff31c450150   movsxd r10, r10d
0x00007ff31c450155   movsxd rbx, edx
0x00007ff31c43dc22   syscall 
0x00007ff31c43dc23   test dl, 0x4
0x00007ff31c43dc25   push r10
0x00007ff31c43dc27   mov rdi, r9
0x00007ff31c43dc2f   mov r14, qword ptr [r15+0x90]
0x00007ff31c43dc37   nop dword ptr [rax], eax
0x00007ff31c4502c0   test dl, 0x4
0x00007ff31c4502c3   jz 0x7ff31c45028b
0x00007ff31c4502c5   test byte ptr [rip+0x20aa86], 0x1
0x00007ff31c4502cc   movsxd rbp, r8d
0x00007ff31c4502cf   movsxd rbx, edx
0x00007ff31c4502d2   jz 0x7ff31c450291
0x00007ff31c4502d4   mov r10d, ecx
0x00007ff31c4502d7   mov r8, rbp
0x00007ff31c4502da   mov rdx, rbx
0x00007ff31c4502dd   or r10d, 0x40
0x00007ff31c4502e1   xor edi, edi
0x00007ff31c4502e3   mov eax, 0x9
0x00007ff31c4502e8   movsxd r10, r10d
0x00007ff31c4502eb   syscall 
ip                      instruction
0x00007ff31c4502e1   xor r13d, r13d
0x00007ff31c4502e3   mov eax, 0x9
0x00007ff31c4502e8   movsxd r12, r12d
0x00007ff31c4502eb   movsxd rbx, edx
0x00007ff31c446596   mov r9, r15
0x00007ff31c44659b   movsxd r10, r14d
0x00007ff31c44659e   mov rdx, rbx
0x00007ff31c4465a0   nop dword ptr [rax+rax*1], eax
0x00007ff31c450270   test r13, r13
0x00007ff31c450273   push r10
0x00007ff31c450275   jz 0x28
0x00007ff31c450278   mov rbx, 0x7ff31c65ad52
0x00007ff31c45027a   nop dword ptr [rax+rax*1], eax
0x00007ff31c45027d   mov eax, 0x9
0x00007ff31c45027f   mov rdi, r12
0x00007ff31c450282   mov rdx, rbx
0x00007ff31c450284   movsxd r10, r14d
0x00007ff31c450287   mov r9, r15
0x00007ff31c450288   syscall 
0x00007ff31c450289   test dl, 0x4
0x00007ff31c45028b   jz 0x2bf30
0x00007ff31c45028e   mov rsi, r13
0x00007ff31c450291   movsxd rbx, edx
0x00007ff31c450294   movsxd r12, r12d
0x00007ff31c450297   mov eax, 0x9
0x00007ff31c45029a   xor r13d, r13d
0x00007ff31c45029d   or r12d, 0x40
0x00007ff31c4502a0   mov rdx, rbx
0x00007ff31c4502a3   mov r8, r11
0x00007ff31c4502a8   nop 
0x00007ff31c44653a   jmp 0x8
0x00007ff31c446541   test r13, r13
0x00007ff31c450150   movsxd r12, r12d
0x00007ff31c450155   movsxd rbx, edx
0x00007ff31c43dc22   movsxd rbx, edx
0x00007ff31c43dc23   test dl, 0x4
0x00007ff31c43dc25   push r10
0x00007ff31c43dc27   mov rdi, r12
0x00007ff31c43dc2f   mov r14, qword ptr [r15+0x90]
0x00007ff31c43dc37   jz 0x2bf60
0x00007ff31c45028b   movsxd rbp, r8d
0x00007ff31c45028e   movsxd rbx, edx
0x00007ff31c450291   mov r9, r15
0x00007ff31c450294   mov r8, rbp
0x00007ff31c450297   movsxd r10, r14d
0x00007ff31c45029a   mov rdx, rbx
0x00007ff31c45029d   mov rsi, r13
0x00007ff31c4502a0   mov rdi, r12
0x00007ff31c4502a3   mov eax, 0x9
0x00007ff31c4502a8   syscall 
ip                      instruction
0x00007ff31c44659b   mov qword ptr [r15+0x28], r13
0x00007ff31c44659e   mov qword ptr [r15+0x60], rax
0x00007ff31c4465a0   nop dword ptr [rax+rax*1], eax
0x00007ff31c450270   test r13, r13
0x00007ff31c450273   push r10
0x00007ff31c450275   jz 0x28
0x00007ff31c450278   mov rbx, 0x7ff31c65ad52
0x00007ff31c45027a   nop dword ptr [rax+rax*1], eax
0x00007ff31c45027d   mov word ptr [r15+0xd8], ax
0x00007ff31c45027f   seto al
0x00007ff31c450282   mov qword ptr [r15+0x60], rax
0x00007ff31c450284   mov qword ptr [r15+0x28], r13
0x00007ff31c450287   jmp 0x2bce0
0x00007ff31c450288   mov qword ptr [r15+0x28], r13
0x00007ff31c450289   test dl, 0x4
0x00007ff31c45028b   jz 0x2bf30
0x00007ff31c45028e   lahf 
0x00007ff31c450291   mov r11, rax
0x00007ff31c450294   push 0x1c44657b
0x00007ff31c450297   mov rax, qword ptr [r15+0x60]
0x00007ff31c45029a   mov eax, 0x3
0x00007ff31c45029d   mov r13d, ebx
0x00007ff31c4502a0   mov dword ptr [rsp+0x4], 0x7ff3
0x00007ff31c4502a3   mov r13, 0x7ff31c4465a5
0x00007ff31c4502a8   data16 nop 
0x00007ff31c44653a   jmp 0x8
0x00007ff31c446541   test r13, r13
0x00007ff31c450150   push 0x1c44657b
0x00007ff31c450155   jmp 0x6
0x00007ff31c43dc22   mov r11, rax
0x00007ff31c43dc23   test dl, 0x4
0x00007ff31c43dc25   push r10
0x00007ff31c43dc27   seto al
0x00007ff31c43dc2f   mov r14, qword ptr [r15+0x90]
0x00007ff31c43dc37   mov qword ptr [r15+0x40], rsp
0x00007ff31c4502aa   push 0x1c44657b
0x00007ff31c4502b0   mov qword ptr [r15+0x28], r13
0x00007ff31c4502b2   mov eax, 0x3
0x00007ff31c4502b3   mov rax, qword ptr [r15+0x60]
0x00007ff31c4502b4   mov word ptr [r15+0xd8], ax
0x00007ff31c4502b6   seto al
0x00007ff31c4502b8   lahf 
0x00007ff31c4502ba   mov qword ptr [r15+0x60], rax
0x00007ff31c4502bc   mov qword ptr [r15+0x28], r13
0x00007ff31c4465a5   mov r11, rax
0x00007ff31c4465a8   mov r13d, ebx
0x00007ff31c446574   mov r13d, ebx
0x00007ff31c446576   mov qword ptr [r15+0x40], rsp
0x00007ff31c450250   mov eax, 0x3
0x00007ff31c450255   syscall 
ip                      instruction
0x00007ff31c43dfca   mov rsp, qword ptr [r15+0x18a8]
0x00007ff31c43dfcc   mov qword ptr [r15+0x40], rsp
0x00007ff31c43dfd1   mov rsp, qword ptr [r15+0x18a8]
0x00007ff31c43dfd4   mov qword ptr [r15+0x40], rsp
0x00007ff31c43dfd9   syscall 
0x00007ff31c43dfde   mov qword ptr [r15+0x40], rsp
0x00007ff31c43dfe1   push r13
0x00007ff31c43a540   push rdi
0x00007ff31c43a541   mov rdi, rsp
0x00007ff31c43a544   push r10
0x00007ff31c43a546   mov eax, 0x0
0x00007ff31c43a548   push r13
0x00007ff31c43a54a   nop dword ptr [rax+rax*1], eax
0x00007ff31c43a54c   nop dword ptr [rax], eax
0x00007ff31c43a54f   mov qword ptr [r15+0x40], rsp
0x00007ff31c43a550   syscall 
0x00007ff31c43a553   mov qword ptr [r15+0x40], rsp
0x00007ff31c43a557   mov rsp, qword ptr [r15+0x18a8]
0x00007ff31c43a55a   mov qword ptr [r15+0x40], rsp
0x00007ff31c43a55c   mov rsp, qword ptr [r15+0x18a8]
0x00007ff31c43a560   mov rax, qword ptr [r15+0x60]
0x00007ff31c43a564   jnz 0x28308
0x00007ff31c43a567   jmp 0x282d8
0x00007ff31c43a56d   mov dword ptr [rdi-0x3c], eax
0x00007ff31c43a56f   push 0x1c43a5db
0x00007ff31c43a571   lea rax, ptr [rbx+0x8]
0x00007ff31c43a573   mov rax, 0x7ff31c43a597
0x00007ff31c43a57a   lea r9, ptr [rax+r13*1]
0x00007ff31c43a57d   mov ebp, dword ptr [rdi-0x3c]
0x00007ff31c43a588   mov ebp, dword ptr [rdi-0x3c]
0x00007ff31c43a58a   mov rax, qword ptr [rdi-0x48]
0x00007ff31c43a58f   mov qword ptr [rbx], 0x0
0x00007ff31c43a592   lea rax, ptr [rbx+0x8]
0x00007ff31c43a597   cmp eax, 0xffffffff
0x00007ff31c43a59a   mov dword ptr [rdi-0x3c], eax
0x00007ff31c43a59d   mov rsi, 0x7ff31c65c120
0x00007ff31c43a5a3   lea rax, ptr [rbx+0x8]
0x00007ff31c43a5a7   mov dword ptr [rsi], 0x0
0x00007ff31c43a5b1   xor r13d, r13d
0x00007ff31c43a5b4   mov qword ptr [rbx], 0x0
0x00007ff31c43a5bb   mov esi, 0x340
0x00007ff31c43a5c1   mov qword ptr [rdi-0x48], rax
0x00007ff31c43a5c5   mov rax, qword ptr [rdi-0x48]
0x00007ff31c43a5c9   mov ebp, dword ptr [rdi-0x3c]
0x00007ff31c43a5cc   mov rdx, rsi
0x00007ff31c43a5cf   sub rdx, r13
0x00007ff31c43a5d2   lea r9, ptr [rax+r13*1]
0x00007ff31c43a5d6   mov rax, 0x7ff31c43a597
0x00007ff31c450170   mov eax, 0x0
0x00007ff31c450175   syscall 
ip                      instruction
0x00007ff31c43b45e   mov r11, qword ptr [rax*8+0x20]
0x00007ff31c43b461   and rbp, qword ptr [rdx]
0x00007ff31c43b464   mov dword ptr [rdi-0x134], eax
0x00007ff31c43b46a   mov qword ptr [rdi-0x128], rax
0x00007ff31c43b46c   mov r9, rax
0x00007ff31c43b46f   lea rax, ptr [r14+r14*2-0x3]
0x00007ff31c43b475   test r14, r14
0x00007ff31c43b660   test r14, r14
0x00007ff31c43b663   mov r10, qword ptr [rdi-0x128]
0x00007ff31c43b66a   mov r9, qword ptr [rdi-0x110]
0x00007ff31c43b638   lea rax, ptr [r14+r14*2-0x3]
0x00007ff31c43b63c   mov r9, qword ptr [rdi-0x110]
0x00007ff31c43b644   mov rbp, qword ptr [rdi-0x120]
0x00007ff31c43b648   mov rdx, 0x7ff31c65ad68
0x00007ff31c43b650   mov dword ptr [rdi-0x134], eax
0x00007ff31c43b659   mov r10, qword ptr [rdi-0x128]
0x00007ff31c43b670   test r14, r14
0x00007ff31c43b673   mov r10, qword ptr [rdi-0x128]
0x00007ff31c43b67a   mov rdi, r12
0x00007ff31c43b680   movzx eax, word ptr [rdi-0x130]
0x00007ff31c43b687   cmp eax, 0x3
0x00007ff31c43b68a   mov dword ptr [rdi-0x134], eax
0x00007ff31c43b690   mov rdx, 0x7ff31c65ad68
0x00007ff31c43b696   mov rbp, qword ptr [rdi-0x120]
0x00007ff31c43b69d   mov r9, qword ptr [rdi-0x110]
0x00007ff31c43b6a4   lea rax, ptr [r14+r14*2-0x3]
0x00007ff31c43b6a9   mov r8d, dword ptr [rdi-0xdc]
0x00007ff31c43b6b0   mov ecx, 0x802
0x00007ff31c43b6b5   shl rax, 0x4
0x00007ff31c43b6b9   mov r12, qword ptr [rbp*8]
0x00007ff31c43b6c1   mov rax, qword ptr [r9+rax*1+0x18]
0x00007ff31c43b6c6   mov ebx, dword ptr [rbp*8+0x28]
0x00007ff31c43b6cd   sub rax, r12
0x00007ff31c43b6d0   mov qword ptr [rdi-0x130], r12
0x00007ff31c43b6d7   mov r9, rax
0x00007ff31c43b6da   mov qword ptr [rdi-0x128], rax
0x00007ff31c43b6e1   mov rax, rbp
0x00007ff31c43b6e4   mov rbp, r12
0x00007ff31c43b6e7   and rbp, qword ptr [rdx]
0x00007ff31c43b6ee   mov r11, qword ptr [rax*8+0x20]
0x00007ff31c43b6f6   mov edx, ebx
0x00007ff31c43b6f8   mov rbp, r11
0x00007ff31c450291   mov r9, r15
0x00007ff31c450294   mov r8, rbp
0x00007ff31c450297   movsxd r10, r14d
0x00007ff31c45029a   mov rdx, rbx
0x00007ff31c45029d   mov rsi, r13
0x00007ff31c4502a0   mov rdi, r12
0x00007ff31c4502a3   mov eax, 0x9
0x00007ff31c4502a8   syscall 
ip                      instruction
0x00007ff31c43b6b0   mov r9, qword ptr [r9+rcx*1-0x30]
0x00007ff31c43b6b5   mov r9, qword ptr [rdi-0x110]
0x00007ff31c43b6b9   cmp qword ptr [rdx+0x60], 0xffffffffffffffff
0x00007ff31c43b6c1   cmp qword ptr [r15+0x60], 0xffffffffffffffff
0x00007ff31c43b6c6   jnz 0x23968
0x00007ff31c43b6cd   cmp rax, r14
0x00007ff31c43b6d0   mov rax, 0x7ff31c43b6fd
0x00007ff31c43b6d7   mov qword ptr [r15+0x40], rsp
0x00007ff31c43b6da   jz 0x23908
0x00007ff31c43b6e1   jnz 0x238d8
0x00007ff31c43b6e4   jz 0x238a8
0x00007ff31c43b6e7   mov r9, qword ptr [rdi-0x120]
0x00007ff31c43b6ee   mov rdx, qword ptr [r9*8+0x8]
0x00007ff31c43b6f6   test bl, 0x4
0x00007ff31c43b6f8   mov rax, qword ptr [r15+0x60]
0x00007ff31c450291   mov qword ptr [rsi+0x340], rax
0x00007ff31c450294   lea rdx, ptr [rbp+rax*1]
0x00007ff31c450297   sub rax, r12
0x00007ff31c45029a   cmp byte ptr [rdi-0xe8], 0x0
0x00007ff31c45029d   mov rbp, qword ptr [rdi-0x128]
0x00007ff31c4502a0   syscall 
0x00007ff31c4502a3   mov qword ptr [rsi], rax
0x00007ff31c4502a8   or byte ptr [rsi+0x315], 0x40
0x00007ff31c43b6fd   mov rax, qword ptr [r15+0x60]
0x00007ff31c43b701   mov qword ptr [rsi+0x340], rax
0x00007ff31c43b709   mov r12, qword ptr [rdi-0x130]
0x00007ff31c43b710   syscall 
0x00007ff31c43b716   mov rbp, qword ptr [rdi-0x128]
0x00007ff31c43b71d   lea rdx, ptr [rbp+rax*1]
0x00007ff31c43b721   sub rax, r12
0x00007ff31c43b724   cmp byte ptr [rdi-0xe8], 0x0
0x00007ff31c43b72b   mov qword ptr [rsi], rax
0x00007ff31c43b72f   mov qword ptr [rsi+0x348], rdx
0x00007ff31c43b737   lea rbp, ptr [rax+rdx*1]
0x00007ff31c43b73d   or byte ptr [rsi+0x315], 0x40
0x00007ff31c43b746   mov r12, qword ptr [rdi-0x110]
0x00007ff31c43b74d   test bl, 0x4
0x00007ff31c43b750   mov rdx, qword ptr [r9*8+0x8]
0x00007ff31c43c060   mov r9, qword ptr [rdi-0x120]
0x00007ff31c43c067   lea rcx, ptr [r14+r14*2]
0x00007ff31c43c06b   shl rcx, 0x4
0x00007ff31c43c06f   mov rdx, qword ptr [r9*8+0x8]
0x00007ff31c43c077   mov r9, qword ptr [rdi-0x110]
0x00007ff31c43c07e   mov r9, qword ptr [r9+rcx*1-0x30]
0x00007ff31c43c083   lea rbp, ptr [rax+rdx*1]
0x00007ff31c43c087   sub r9, rdx
0x00007ff31c43c08a   xor edx, edx
0x00007ff31c43c08c   syscall 
0x00007ff31c450340   mov eax, 0xa
0x00007ff31c450345   syscall 
ip                      instruction
0x00007ff31c448392   mov qword ptr [rbx+0x8f8], 0x0
0x00007ff31c448393   mov qword ptr [rbx], 0x0
0x00007ff31c448394   and rbp, 0xfffffffffffffff8
0x00007ff31c44839b   mov rdi, rax
0x00007ff31c4483a2   lea rbx, ptr [rax+rbx*1-0x900]
0x00007ff31c4483a5   xor eax, eax
0x00007ff31c4483aa   test rax, rax
0x00007ff31c4483ad   mov qword ptr [r15+0x60], rax
0x00007ff31c4483af   lea rbx, ptr [rax+rbx*1-0x900]
0x00007ff31c4483b7   mov rdi, rax
0x00007ff31c4483ba   xor eax, eax
0x00007ff31c4483bc   mov r9d, 0x10
0x00007ff31c4483c1   lea rbp, ptr [rbx+0x8]
0x00007ff31c4483c5   mov rcx, rbx
0x00007ff31c4483c8   mov qword ptr [rbx], 0x0
0x00007ff31c4483cf   mov qword ptr [rbx+0x8f8], 0x0
0x00007ff31c4483da   and rbp, 0xfffffffffffffff8
0x00007ff31c4483de   sub rcx, rbp
0x00007ff31c4483e1   add ecx, 0x900
0x00007ff31c4483e7   shr ecx, 0x3
0x00007ff31c4483ea   mov rsp, qword ptr [r15+0x18a8]
0x00007ff31c4483ea   mov rax, qword ptr [r15+0x60]
0x00007ff31c4483ed   mov word ptr [r15+0xd8], ax
0x00007ff31c4483f4   seto al
0x00007ff31c4483f8   mov qword ptr [rsi+0x10], rsi
0x00007ff31c4483fc   mov qword ptr [r15+0x28], rsi
0x00007ff31c448401   mov qword ptr [rsi+0x10], rsi
0x00007ff31c448404   jmp 0x19698
0x00007ff31c448406   mov word ptr [r15+0xd8], ax
0x00007ff31c448409   seto al
0x00007ff31c44840d   lahf 
0x00007ff31c448411   mov qword ptr [r15+0x60], rax
0x00007ff31c448414   jnz 0x196c8
0x00007ff31c448415   mov rax, qword ptr [rax+0x8]
0x00007ff31c448416   mov r14, 0x7ff31c435c1a
0x00007ff31c448418   test rax, rax
0x00007ff31c435c1a   test rax, rax
0x00007ff31c435c1d   mov r9, rax
0x00007ff31c435c20   mov r9, 0x7ff31c455470
0x00007ff31c435c22   push 0x1c435c35
0x00007ff31c435c29   mov ebp, 0x2
0x00007ff31c435c2e   xor eax, eax
0x00007ff31c435c30   cmp r14, r13
0x00007ff31c435c41   mov rax, qword ptr [rax+0x8]
0x00007ff31c435c45   mov edi, 0x1002
0x00007ff31c435c4a   mov qword ptr [rip+0x226347], rax
0x00007ff31c435c51   mov qword ptr [rsi], rsi
0x00007ff31c435c54   mov eax, 0x9e
0x00007ff31c435c59   mov qword ptr [rsi+0x10], rsi
0x00007ff31c435c5d   syscall 
ip                      instruction
0x00007ff31c452b91   mov qword ptr [r15+0x30], r14
0x00007ff31c452b95   jnz 0x7ff31c438d5b
0x00007ff31c452b99   mov qword ptr [r15+0x30], r13
0x00007ff31c452b9b   cmp r13, r14
0x00007ff31c452b9e   pop rsi
0x00007ff31c448580   add r13, qword ptr [rsp]
0x00007ff31c448583   pop rsi
0x00007ff31c448585   mov rax, qword ptr [rsp+0x10]
0x00007ff31c448588   nop 
0x00007ff31c44858d   mov rdx, qword ptr [rsi]
0x00007ff31c448591   mov r14, qword ptr [r13]
0x00007ff31c448598   mov edi, 0x1002
0x00007ff31c44859c   mov qword ptr [rsi], r14
0x00007ff31c44859f   mov rax, qword ptr [rsp+0x8]
0x00007ff31c4485a5   syscall 
0x00007ff31c4485aa   pop r10
0x00007ff31c4485af   pop r13
0x00007ff31c4485b2   jnbe 0x3e
0x00007ff31c4485b4   pop rbx
0x00007ff31c4485b9   mov rax, qword ptr [rsp+0x10]
0x00007ff31c4485bc   pop rsi
0x00007ff31c4484d8   add r13, qword ptr [rsp]
0x00007ff31c4484dc   add rdi, 0x10
0x00007ff31c4484e0   cmp r13, r14
0x00007ff31c4484e3   pop rsi
0x00007ff31c4484e9   mov rax, qword ptr [rdi+0x18]
0x00007ff31c4484ed   test rax, rax
0x00007ff31c4484f0   jnbe 0x3e
0x00007ff31c4484f6   mov rdx, qword ptr [rdi+0x10]
0x00007ff31c4484fa   mov eax, 0x9e
0x00007ff31c448501   mov rax, qword ptr [rsp+0x8]
0x00007ff31c4485f0   mov rax, qword ptr [rsp+0x8]
0x00007ff31c4485f5   mov qword ptr [rax], r10
0x00007ff31c4485f8   mov rax, qword ptr [rsp+0x10]
0x00007ff31c4485fd   add rsp, 0x28
0x00007ff31c448601   pop rbx
0x00007ff31c448602   pop rdi
0x00007ff31c448603   pop rsi
0x00007ff31c448605   pop r13
0x00007ff31c448607   pop r10
0x00007ff31c448609   mov qword ptr [rsi+0x10], r14
0x00007ff31c44860b   syscall 
0x00007ff31c438d34   cmp byte ptr [rip+0x2232ad], 0x0
0x00007ff31c438d3b   jnz 0x7ff31c438d5b
0x00007ff31c438d3d   mov rsi, r14
0x00007ff31c438d40   mov edi, 0x1002
0x00007ff31c438d45   mov eax, 0x9e
0x00007ff31c438d4a   mov qword ptr [rsi], r14
0x00007ff31c438d4d   mov qword ptr [rsi+0x10], r14
0x00007ff31c438d51   syscall 
ip                      instruction
0x00007ff31c451744   cld 
0x00007ff31c45174a   cld 
0x00007ff31c45174f   mov r14, 0x0
0x00007ff31c451754   mov rdi, r14
0x00007ff31c451758   nop word ptr [rax+rax*1], ax
0x00007ff31c45175d   mov r13, 0x7ff3092c21c0
0x00007ff31c451762   mov r14, 0x7ff31c445e90
0x00007ff31c451766   mov r13, qword ptr [r15+0x18a8]
0x00007ff31c45176a   mov r11, 0x7ff31b6928f0
0x00007ff31c45176e   mov qword ptr [rsp], 0x1
0x00007ff31c451772   and rsp, 0xfffffffffffffff0
0x00007ff31c451776   mov rdi, 0x7ff31c65c0a0
0x00007ff31c45177c   push 0x1c44d918
0x00007ff31c4418b0   mov qword ptr [rsp+0x18], r14
0x00007ff31c4418b4   mov r14, rsp
0x00007ff31c4418b9   pop r14
0x00007ff31c4418bf   push 0x1c44d918
0x00007ff31c4418c2   mov qword ptr [rsp+0x8], r14
0x00007ff31c4418c5   mov qword ptr [r15+0x18], r13
0x00007ff31c438da4   mov qword ptr [r15+0x40], rsp
0x00007ff31c438da6   sub rsp, 0x8
0x00007ff31c438daa   mov qword ptr [r15+0x18], r13
0x00007ff31c438dac   mov r13, qword ptr [r15+0x18a8]
0x00007ff31c438daf   push 0x1c44d918
0x00007ff31c438db6   mov rsi, qword ptr [rdi]
0x00007ff31c438db9   mov qword ptr [r15+0xe0], r14
0x00007ff31c438dc0   mov rsi, r14
0x00007ff31c44e7e0   mov rsi, r14
0x00007ff31c438dc5   mov qword ptr [rsp+0x18], r14
0x00007ff31c438dcb   mov rsi, r14
0x00007ff31c438dcd   mov qword ptr [rsp+0x10], r15
0x00007ff31c438dd3   mov r13, 0x7ff3092c21c0
0x00007ff31c438dd5   pushfq 
0x00007ff31c438dd7   mov qword ptr [r15+0x40], rsp
0x00007ff31c438ddc   pop r14
0x00007ff31c438de3   pushfq 
0x00007ff31c438de6   mov r13, 0x7ff3092c21c0
0x00007ff31c445e90   mov r13, 0x7ff3092c21c0
0x00007ff31c438deb   mov qword ptr [r15+0x40], rsp
0x00007ff31c438dec   jbe 0x10
0x00007ff31c44d8f0   mov rbp, qword ptr [rdi]
0x00007ff31c44d8f7   lea rax, ptr [rbp-0x1]
0x00007ff31c44d8fb   cmp rax, 0xfffffffffffffffd
0x00007ff31c44d8ff   syscall 
0x00007ff31c44d901   mov rsi, qword ptr [rdi]
0x00007ff31c44d908   sub rsp, 0x8
0x00007ff31c44d90c   mov rsi, qword ptr [rdi]
0x00007ff31c44d913   mov qword ptr [r15+0x40], rsp
0x00007ff31c450320   mov eax, 0xb
0x00007ff31c450325   syscall 
ip                      instruction
0x00007ff308c781c2   mov rcx, qword ptr [rbx+0x40]
0x00007ff308c781c6   sub rcx, qword ptr [rbx+0x38]
0x00007ff308c781ca   xor edx, edx
0x00007ff308c781cc   cmp rcx, 0x7f
0x00007ff308c781d0   test rdx, rdx
0x00007ff308c781d6   push r12
0x00007ff308c781d9   nop dword ptr [rax+rax*1], eax
0x00007ff308c781dc   mov rbx, rdx
0x00007ff308c78290   mov rsi, rbp
0x00007ff308c78296   mov rdx, rbx
0x00007ff308c7829c   mov r12, rdx
0x00007ff308c782a7   mov rbx, rdx
0x00007ff308c782ae   push rbp
0x00007ff308c782b1   mov r13d, 0x1
0x00007ff308c782b4   test rdx, rdx
0x00007ff308c782b7   push r13
0x00007ff308c78330   mov rax, qword ptr [rbx+0x10]
0x00007ff308c78334   syscall 
0x00007ff308c78338   mov eax, r13d
0x00007ff308c7833b   push r14
0x00007ff308c78341   movsxd rdi, dword ptr [r14+0x70]
0x00007ff308c78344   jz 0x7ff308c77b20
0x00007ff308c7834b   test byte ptr [r14+0x74], 0x2
0x00007ff308c78350   nop dword ptr [rax+rax*1], eax
0x00007ff308c78353   mov r14, rdi
0x00007ff308c782a7   mov r13d, 0x1
0x00007ff308c782ae   mov rbx, rdx
0x00007ff308c782b1   mov r12, rdx
0x00007ff308c782b4   mov rbp, rsi
0x00007ff308c782b7   jle 0x7ff308c77b47
0x00007ff308c77aa0   test rdx, rdx
0x00007ff308c77aa3   push r14
0x00007ff308c77aa5   mov r14, rdi
0x00007ff308c77aa8   push r13
0x00007ff308c77aaa   push r12
0x00007ff308c77aac   push rbp
0x00007ff308c77aad   push rbx
0x00007ff308c77aae   jle 0x7ff308c77b47
0x00007ff308c77ab4   mov rbp, rsi
0x00007ff308c77ab7   mov r12, rdx
0x00007ff308c77aba   mov rbx, rdx
0x00007ff308c77abd   mov r13d, 0x1
0x00007ff308c77ac3   nop dword ptr [rax+rax*1], eax
0x00007ff308c77ac8   test byte ptr [r14+0x74], 0x2
0x00007ff308c77acd   jz 0x7ff308c77b20
0x00007ff308c77acf   movsxd rdi, dword ptr [r14+0x70]
0x00007ff308c77ad3   mov rdx, rbx
0x00007ff308c77ad6   mov rsi, rbp
0x00007ff308c77ad9   mov eax, r13d
0x00007ff308c77adc   syscall 
ip                      instruction
0x00007ff308c78330   nop 
0x00007ff308c78334   mov edx, dword ptr [r14+0x70]
0x00007ff308c78338   mov r13d, edi
0x00007ff308c7833b   mov r14, qword ptr [r15+0x28]
0x00007ff308c78341   movsxd rdx, dword ptr [r14+0x70]
0x00007ff308c78344   mov eax, 0x1
0x00007ff308c7834b   test byte ptr [r14+0x74], 0x2
0x00007ff308c78350   nop dword ptr [rax+rax*1], eax
0x00007ff308c78353   push 0x8c77b2f
0x00007ff308c782a7   mov edi, 0x1
0x00007ff308c782ae   mov rbx, rdx
0x00007ff308c782b1   mov rsi, rdx
0x00007ff308c782b4   mov rbp, r8
0x00007ff308c782b7   cmp dword ptr [rip+0x2d1d99], 0x0
0x00007ff308c77aa0   test rdx, rdx
0x00007ff308c77aa3   mov r14, qword ptr [r15+0x28]
0x00007ff308c77aa5   push 0x8c77b2f
0x00007ff308c77aa8   push rdi
0x00007ff308c77aaa   push rsi
0x00007ff308c77aac   push rbp
0x00007ff308c77aad   push rbx
0x00007ff308c77aae   cmp dword ptr [rip+0x2d1d99], 0x0
0x00007ff308c77ab4   mov rbp, r8
0x00007ff308c77ab7   mov rsi, rdx
0x00007ff308c77aba   mov rbx, rdx
0x00007ff308c77abd   mov edi, 0x1
0x00007ff308c77ac3   nop dword ptr [rax+rax*1], eax
0x00007ff308c77ac8   test byte ptr [r14+0x74], 0x2
0x00007ff308c77acd   mov eax, 0x1
0x00007ff308c77acf   movsxd rdx, dword ptr [r14+0x70]
0x00007ff308c77ad3   mov rax, rbx
0x00007ff308c77ad6   mov r8, rbp
0x00007ff308c77ad9   mov r13d, edi
0x00007ff308c77adc   mov edx, dword ptr [r14+0x70]
0x00007ff308c781c2   jnz 0x6150
0x00007ff308c781c6   cmp r13, r14
0x00007ff308c781ca   mov r13, 0x7ff308c77aa0
0x00007ff308c781cc   jmp 0x6100
0x00007ff308c781d0   test rdx, rdx
0x00007ff308c781d6   push rsi
0x00007ff308c781d9   nop dword ptr [rax+rax*1], eax
0x00007ff308c781dc   mov rbx, rdx
0x00007ff308c77b20   mov edx, dword ptr [r14+0x70]
0x00007ff308c77b24   mov r8, rbx
0x00007ff308c77b27   mov r13, rbp
0x00007ff308c77b2a   mov eax, 0x1
0x00007ff308cf5a00   cmp dword ptr [rip+0x2d1d99], 0x0
0x00007ff308cf5a07   jnz 0x7ff308cf5a19
0x00007ff308cf5a09   mov eax, 0x1
0x00007ff308cf5a0e   syscall 
ip                      instruction
0x00007ff308c793ed   push rdi
0x00007ff308c793f1   sub rsp, 0x90
0x00007ff308c793f6   syscall 
0x00007ff308c795b0   push rsi
0x00007ff308c795b4   mov eax, 0x5
0x00007ff308c795b7   seto al
0x00007ff308c795b9   syscall 
0x00007ff308c795c4   mov rax, qword ptr [r15+0x60]
0x00007ff308c795c7   syscall 
0x00007ff308c7a490   cmp edi, 0x1
0x00007ff308c7a495   jnz 0x26b0
0x00007ff308c7a497   syscall 
0x00007ff308c7a4a0   cmp r14, r13
0x00007ff308c7a4a2   syscall 
0x00007ff308c7a4a3   movsxd rdi, eax
0x00007ff308c7a4a4   mov rax, qword ptr [r15+0x60]
0x00007ff308c7a4a6   mov word ptr [r15+0xd8], ax
0x00007ff308c7a4a9   seto al
0x00007ff308c7a4ab   mov rax, qword ptr [r15+0x60]
0x00007ff308c7a4ad   jnz 0x26b0
0x00007ff308c7a4b3   cmp r14, r13
0x00007ff308c7a4b5   mov word ptr [r15+0xd8], ax
0x00007ff308c7a4b7   cmp edi, 0x1
0x00007ff308c7a4be   seto al
0x00007ff308c7a4c1   mov eax, 0x5
0x00007ff308c7a4b7   mov rsi, rdx
0x00007ff308c7a4be   mov eax, 0x5
0x00007ff308c7a4c1   push rdi
0x00007ff308c6c130   push rsi
0x00007ff308c6c132   push rdi
0x00007ff308c6c133   mov rdi, rbp
0x00007ff308c6c136   push rbx
0x00007ff308c6c137   sub rsp, 0x90
0x00007ff308c6c13e   nop dword ptr [rax+rax*1], eax
0x00007ff308c6c141   jnbe 0x7ff308cf53a8
0x00007ff308c6c143   mov rax, qword ptr [r15+0x60]
0x00007ff308c6c145   mov eax, 0x5
0x00007ff308c6c14c   mov rsi, rdx
0x00007ff308c6c14f   mov rdx, rcx
0x00007ff308c77a90   mov rdx, rcx
0x00007ff308c77a93   mov ecx, dword ptr [rbp+0x70]
0x00007ff308c77a96   mov ebp, 0x1
0x00007ff308c77a9b   cmp edi, 0x1
0x00007ff308cf5370   cmp edi, 0x1
0x00007ff308cf5373   mov eax, esi
0x00007ff308cf5375   jnbe 0x7ff308cf53a8
0x00007ff308cf5377   movsxd rdi, eax
0x00007ff308cf537a   mov rsi, rdx
0x00007ff308cf537d   mov eax, 0x5
0x00007ff308cf5382   syscall 
ip                      instruction
0x00007ff308c7fea6   cmp rdi, 0x0
0x00007ff308c7feab   mov rsi, 0x7ff308fc2080
0x00007ff308c7feae   push 0x8cfb61f
0x00007ff308c7feb3   push rdi
0x00007ff308c7ffb0   lea r14, ptr [rax-0x1]
0x00007ff308c7ffb4   sub r10, rsi
0x00007ff308c7ffb7   neg rax
0x00007ff308c7ffba   mov qword ptr [rsp+0x18], rax
0x00007ff308c7ffbf   add r10, r14
0x00007ff308c7ffc2   mov qword ptr [rsp+0x10], r14
0x00007ff308c7ffc7   and r10, rax
0x00007ff308c7ffca   jmp 0x8
0x00007ff308c7ffcd   mov qword ptr [r15+0x40], rsp
0x00007ff308c7ffd0   jz 0x3ddb0
0x00007ff308c7ffd6   jz 0x2e
0x00007ff308c7ffdb   mov eax, ecx
0x00007ff308c7ffdf   jmp 0x3dcd8
0x00007ff308c7ffe2   mov ecx, 0xc
0x00007ff308c7ffe7   push 0x8cfb61f
0x00007ff308c7ffee   mov rsi, 0x7ff308fc2080
0x00007ff308c7fff1   cmp rdi, 0x0
0x00007ff308c7fff3   push rdi
0x00007ff308c7fff9   mov r13, qword ptr [rsi]
0x00007ff308c7ffff   mov rbx, qword ptr [r13]
0x00007ff308c80002   jz 0x3dd50
0x00007ff308c7fe9f   jz 0x3dd50
0x00007ff308c7fea6   jnz 0x3dd80
0x00007ff308c7feab   jmp 0x3dde0
0x00007ff308c7feae   cmp rdi, 0x0
0x00007ff308c7feb3   syscall 
0x00007ff308c85e90   mov dword ptr [rsp+0x4], 0x7ff3
0x00007ff308c85e94   nop 
0x00007ff308cfb5c0   push rsi
0x00007ff308cfb5c2   mov r13, qword ptr [rsi]
0x00007ff308cfb5c9   push rdi
0x00007ff308cfb5ca   push rbx
0x00007ff308cfb5cb   mov rdi, rbp
0x00007ff308cfb5ce   mov rbx, qword ptr [r13]
0x00007ff308cfb5d2   test rbx, rbx
0x00007ff308cfb5d5   mov rsi, 0x7ff308fc2080
0x00007ff308cfb5d7   mov r14d, dword ptr [rsi]
0x00007ff308cfb5dd   test r14d, r14d
0x00007ff308cfb5df   mov dword ptr [rsp+0x4], 0x7ff3
0x00007ff308cfb5e1   cmp rdi, 0x0
0x00007ff308cfb5e5   xor ebp, ebp
0x00007ff308cfb618   xor ebp, ebp
0x00007ff308cfb61a   nop 
0x00007ff308cfb550   mov ecx, 0xc
0x00007ff308cfb555   mov eax, ecx
0x00007ff308cfb557   syscall 
ip                      instruction
0x00007ff308c794b4   mov r14, 0x7ff308c794e8
0x00007ff308c794bb   mov dword ptr [rsp+0x4], 0x7ff3
0x00007ff308c794bd   mov qword ptr [r15+0x40], rsp
0x00007ff308c794c0   mov r13, qword ptr [rbx+0x38]
0x00007ff308c794c2   xor eax, eax
0x00007ff308c794c4   mov r13, qword ptr [rbx+0x38]
0x00007ff308c794c6   xor eax, eax
0x00007ff308c794c8   mov r11, qword ptr [rax+0x70]
0x00007ff308c794cb   mov dword ptr [rsp+0x4], 0x7ff3
0x00007ff308c794d2   mov qword ptr [rbx+0x18], r13
0x00007ff308c794de   mov qword ptr [rbx+0x28], r13
0x00007ff308c794e0   jnz 0x3b908
0x00007ff308c794e3   jmp 0x3b8b8
0x00007ff308c7a0a0   mov qword ptr [r15+0x40], rsp
0x00007ff308c7a0a4   syscall 
0x00007ff308c7a0a8   mov rax, qword ptr [r15+0x60]
0x00007ff308c7a0a9   mov word ptr [r15+0xd8], ax
0x00007ff308c7a0ac   mov qword ptr [rbx+0x18], r13
0x00007ff308c7a0ae   mov qword ptr [r15+0x60], rax
0x00007ff308c7a0b0   jnz 0x3b908
0x00007ff308c7a0b3   mov qword ptr [rbx+0x28], r13
0x00007ff308c7a0b5   jmp 0x3b8b8
0x00007ff308c7a0b9   xor eax, eax
0x00007ff308c7a0bd   mov dword ptr [rsp+0x4], 0x7ff3
0x00007ff308c7a0c1   mov r11, qword ptr [rax+0x70]
0x00007ff308c7a0c7   mov r11, qword ptr [rax+0x70]
0x00007ff308c7a0ca   test byte ptr [rdi+0x74], 0x2
0x00007ff308c7a0ce   mov qword ptr [rbx+0x20], r13
0x00007ff308c7a0d2   mov qword ptr [rbx+0x28], r13
0x00007ff308c7a0d6   mov qword ptr [rbx+0x30], r13
0x00007ff308c7a0d8   mov qword ptr [rbx+0x10], r13
0x00007ff308c7a0da   mov qword ptr [rbx+0x18], r13
0x00007ff308c7a0db   mov rcx, qword ptr [rbx+0x40]
0x00007ff308c794e8   mov r13, qword ptr [rbx+0x38]
0x00007ff308c794ec   mov rcx, qword ptr [rbx+0x40]
0x00007ff308c794f0   mov rbp, rbx
0x00007ff308c794f3   mov rax, qword ptr [rbx+0xd8]
0x00007ff308c794fa   sub rcx, r13
0x00007ff308c794fd   mov qword ptr [rbx+0x8], r13
0x00007ff308c79501   mov qword ptr [rbx+0x18], r13
0x00007ff308c79505   mov qword ptr [rbx+0x10], r13
0x00007ff308c79509   mov qword ptr [rbx+0x30], r13
0x00007ff308c7950d   mov qword ptr [rbx+0x28], r13
0x00007ff308c79511   mov qword ptr [rbx+0x20], r13
0x00007ff308c79515   test byte ptr [rdi+0x74], 0x2
0x00007ff308c780d0   test byte ptr [rdi+0x74], 0x2
0x00007ff308c780d4   jz 0x7ff308c78108
0x00007ff308c780d6   movsxd rdi, dword ptr [rdi+0x70]
0x00007ff308c780da   xor eax, eax
0x00007ff308c780dc   syscall 
ip                      instruction
0x00007ff308c794e8   cmp dword ptr [rip+0x2d1df9], 0x0
0x00007ff308c794ec   jnz 0x7ff308cf59b9
0x00007ff308c794f0   mov qword ptr [r15+0x40], rsp
0x00007ff308c794f3   mov rsp, qword ptr [r15+0x18a8]
0x00007ff308c794fa   nop dword ptr [rax+rax*1], eax
0x00007ff308c794fd   mov eax, 0x0
0x00007ff308c79501   mov rax, qword ptr [r15+0x60]
0x00007ff308c79505   mov word ptr [r15+0xd8], ax
0x00007ff308c79509   seto al
0x00007ff308c7950d   lahf 
0x00007ff308c79511   mov qword ptr [r15+0x60], rax
0x00007ff308c79515   test byte ptr [rbp+0x74], 0x2
0x00007ff308c780d0   test byte ptr [rbp+0x74], 0x2
0x00007ff308c780d4   syscall 
0x00007ff308c780d6   movsxd rbp, dword ptr [rbp+0x70]
0x00007ff308c780da   xor eax, eax
0x00007ff308c780dc   mov ebp, dword ptr [rbp+0x70]
0x00007ff308c794b4   mov r14, 0x7ff308c794e8
0x00007ff308c794bb   mov r14, 0x7ff308c780d0
0x00007ff308c794bd   jz 0x18
0x00007ff308c794c0   cmp dword ptr [rip+0x2d1df9], 0x0
0x00007ff308c794c2   xor eax, eax
0x00007ff308c794c4   cmp dword ptr [rip+0x2d1df9], 0x0
0x00007ff308c794c6   xor eax, eax
0x00007ff308c794c8   jnz 0x3b7f0
0x00007ff308c794cb   mov r14, 0x7ff308c780d0
0x00007ff308c794d2   mov rax, qword ptr [r15+0x60]
0x00007ff308c794de   lahf 
0x00007ff308c794e0   nop dword ptr [rax], eax
0x00007ff308c794e3   jz 0x3b770
0x00007ff308c7a0a0   jz 0x18
0x00007ff308c7a0a4   mov ebp, dword ptr [rbp+0x70]
0x00007ff308c7a0a8   mov rax, qword ptr [r15+0x60]
0x00007ff308c7a0a9   mov word ptr [r15+0xd8], ax
0x00007ff308c7a0ac   mov rax, qword ptr [r15+0x60]
0x00007ff308c7a0ae   mov qword ptr [r15+0x60], rax
0x00007ff308c7a0b0   nop dword ptr [rax], eax
0x00007ff308c7a0b3   lahf 
0x00007ff308c7a0b5   jz 0x3b770
0x00007ff308c7a0b9   xor eax, eax
0x00007ff308c7a0bd   mov r14, 0x7ff308c780d0
0x00007ff308c7a0c1   jnz 0x3b7f0
0x00007ff308c7a0c7   jnz 0x3b7f0
0x00007ff308c7a0ca   test byte ptr [rbp+0x74], 0x2
0x00007ff308c78108   mov ebp, dword ptr [rbp+0x70]
0x00007ff308c7810b   jnz 0x7ff308cf59b9
0x00007ff308cf59a0   cmp dword ptr [rip+0x2d1df9], 0x0
0x00007ff308cf59a7   jnz 0x7ff308cf59b9
0x00007ff308cf59a9   mov eax, 0x0
0x00007ff308cf59ae   syscall 
ip                      instruction
0x00007ff308c7b2cf   mov rbx, 0x7ff308fc1e78
0x00007ff308c7b2d5   mov r11, qword ptr [rbx]
0x00007ff308c7b2d7   lahf 
0x00007ff308c7b2d9   mov eax, r8d
0x00007ff308c7b2db   mov rax, qword ptr [r15+0x60]
0x00007ff308c7b2dd   jnz 0x2f3c0
0x00007ff308c7b2df   push 0x8c38f9b
0x00007ff308c7b2e2   jb 0x2f360
0x00007ff308c7b2e7   seto al
0x00007ff308c7b2ea   mov word ptr [r15+0xd8], ax
0x00007ff308c7b2f0   mov dword ptr [rsp+0x4], 0x7ff3
0x00007ff308c7b2fa   add rdi, 0x8
0x00007ff308c7b2fe   mov r9d, 0x3c
0x00007ff308c7b301   syscall 
0x00007ff308c7b303   cmp r14, rbx
0x00007ff308c7b306   nop 
0x00007ff308c7b380   nop 
0x00007ff308c7b387   mov r8d, 0xe7
0x00007ff308c7b38a   jnz 0x2f3c0
0x00007ff308c7b390   syscall 
0x00007ff308c7b394   mov rax, qword ptr [r15+0x60]
0x00007ff308c7b39a   mov eax, r8d
0x00007ff308c7b3a2   mov word ptr [r15+0xd8], ax
0x00007ff308c7b3a9   mov qword ptr [r15+0x60], rax
0x00007ff308c7b3b2   mov qword ptr [r15+0x60], rax
0x00007ff308c7b3b4   nop dword ptr [rax], eax
0x00007ff308c7b3b6   cmp r14, rbx
0x00007ff308c7b3b9   push 0x8c38f9b
0x00007ff308c7b3c0   cmp rdi, r12
0x00007ff308c7b3cc   add rdi, 0x8
0x00007ff308c7b368   movsxd rdx, ebp
0x00007ff308c7b36c   mov r14, 0x7ff308c38f8b
0x00007ff308c7b36f   nop dword ptr [rax], eax
0x00007ff308c7b370   mov r9d, 0x3c
0x00007ff308c7b371   mov dword ptr [rsp+0x4], 0x7ff3
0x00007ff308c7b373   jb 0x2f360
0x00007ff308c7b375   cmp rdi, r12
0x00007ff308c38f8b   add rdi, 0x8
0x00007ff308c38f8f   cmp rdi, r12
0x00007ff308c38f92   push 0x8c38f9b
0x00007ff308c38f94   mov ebp, r10d
0x00007ff308c38f96   cmp r14, rbx
0x00007ff308ccac90   movsxd rdx, ebp
0x00007ff308ccac93   mov r11, qword ptr [rbx]
0x00007ff308ccac9a   mov r8d, 0xe7
0x00007ff308ccaca0   mov r9d, 0x3c
0x00007ff308ccaca5   mov eax, r8d
0x00007ff308ccacc0   mov rdi, rdx
0x00007ff308ccacc3   mov eax, r8d
0x00007ff308ccacc6   syscall 
